Waf: Entering directory `/home/liqi/ns3-gym/ns3-gym-master/build'
Waf: Leaving directory `/home/liqi/ns3-gym/ns3-gym-master/build'
Build commands will be stored in build/compile_commands.json
'build' finished successfully (21.627s)
A2A4RsrqHandoverAlgorithm=0
A3RsrpHandoverAlgorithm=0
AarfWifiManager=0
AarfcdWifiManager=0
AcousticModemEnergyModel=0
Address=0
AddressUtils=0
AdhocAlohaNoackIdealPhyHelper=0
AdhocWifiMac=0
AlohaNoackMacHeader=0
AlohaNoackNetDevice=0
AmrrWifiManager=0
Angles=0
AnimationInterface=0
AntennaModel=0
AodvNeighbors=0
AodvRequestQueue=0
AodvRoutingProtocol=0
AodvRoutingTable=0
ApWifiMac=0
AparfWifiManager=0
Application=0
ApplicationContainer=0
ApplicationPacketProbe=0
ArfWifiManager=0
ArpCache=0
ArpHeader=0
ArpL3Protocol=0
ArpQueueDiscItem=0
Asn1Header=0
Athstats=0
AttributeConstructionList=0
AttributeIterator=0
AttributeValue=0
BSLinkManager=0
BSScheduler=0
BSSchedulerRtps=0
BSSchedulerSimple=0
Backoff=0
BandwidthManager=0
BaseStationNetDevice=0
BasicEnergyHarvester=0
BasicEnergySource=0
BlockAckAgreement=0
BlockAckCache=0
BlockAckManager=0
Boolean=0
BooleanProbe=0
Breakpoint=0
BridgeChannel=0
BridgeHelper=0
BridgeNetDevice=0
BsServiceFlowManager=0
BsmApplication=0
Buffer=0
Building=0
BuildingAllocator=0
BuildingList=0
BuildingPositionAllocator=0
BuildingsHelper=0
BuildingsPropagationLossModel=0
BulkSendApplication=0
BurstProfileManager=0
ByteTagList=0
CalendarScheduler=0
Callback=0
CandidateQueue=0
CaraWifiManager=0
CcHelper=0
Channel=0
ChannelAccessManager=0
ChannelCoordinator=0
ChannelList=0
ChannelManager=0
ChannelScheduler=0
CoDelQueueDisc=0
CommandLine=0
ComponentCarrier=0
ComponentCarrierEnb=0
ComponentCarrierUe=0
Config=0
ConfigStore=0
ConnectionManager=0
ConstantRateWifiManager=0
ConstantSpectrumPropagationLossModel=0
ConstantVelocityHelper=0
CosineAntennaModel=0
Cost231PropagationLossModel=0
CqaFfMacScheduler=0
CsmaChannel=0
CsmaHelper=0
CsmaNetDevice=0
CsmaStarHelper=0
DataCalculator=0
DataCollectionObject=0
DataCollector=0
DataOutputInterface=0
DataRate=0
DefaultChannelScheduler=0
DefaultSimulatorImpl=0
DeviceEnergyModel=0
DeviceEnergyModelContainer=0
DhcpClient=0
DhcpHeader=0
DhcpHelper=0
DhcpServer=0
DistributedSimulatorImpl=0
Dot11sPeerManagementProtocol=0
Double=0
DoubleProbe=0
DropTailQueue=0
DsdvPacketQueue=0
DsdvRoutingProtocol=0
DsdvRoutingTable=0
DsrErrorBuffer=0
DsrFsHeader=0
DsrGraReplyTable=0
DsrHelper=0
DsrMainHelper=0
DsrMaintainBuffer=0
DsrNetworkQueue=0
DsrOptionHeader=0
DsrOptions=0
DsrPassiveBuffer=0
DsrRouteCache=0
DsrRouting=0
DsrRreqTable=0
DsrSendBuffer=0
DsssErrorRateModel=0
DynamicQueueLimits=0
EmuEpcHelper=0
EmuFdNetDeviceHelper=0
EnergyHarvester=0
EnergyHarvesterContainer=0
EnergySource=0
Enum=0
EpcEnbApplication=0
EpcHelper=0
EpcMme=0
EpcSgwPgwApplication=0
EpcTft=0
EpcTftClassifier=0
EpcUeNas=0
EpcX2=0
EpcX2Header=0
ErrorChannel=0
ErrorModel=0
EthernetHeader=0
EthernetTrailer=0
EventId=0
EventImpl=0
FatalImpl=0
FdBetFfMacScheduler=0
FdMtFfMacScheduler=0
FdNetDevice=0
FdNetDeviceHelper=0
FdReader=0
FdTbfqFfMacScheduler=0
FfMacScheduler=0
FifoQueueDisc=0
FileAggregator=0
FileHelper=0
FlameProtocol=0
FlameProtocolMac=0
FlameRtable=0
FlowIdTag=0
FlowMonitor=0
FqCoDelQueueDisc=0
GeographicPositions=0
GlobalRouteManager=0
GlobalRouteManagerImpl=0
GlobalRouter=0
GlobalRoutingHelper=0
GlobalValue=0
GnuplotAggregator=0
GnuplotHelper=0
GrantedTimeWindowMpiInterface=0
GtpuHeader=0
HalfDuplexIdealPhy=0
HalfDuplexIdealPhySignalParameters=0
Hash=0
Hash-Fnv=0
Hash-Murmur3=0
HashFunction=0
Header=0
HeapScheduler=0
HigherLayerTxVectorTag=0
Histogram=0
HwmpProtocol=0
HwmpProtocolMac=0
HwmpRtable=0
HybridBuildingsPropagationLossModel=0
Icmpv4Header=0
Icmpv4L4Protocol=0
Icmpv6Header=0
Icmpv6L4Protocol=0
IdealWifiManager=0
Inet6SocketAddress=0
InetSocketAddress=0
InetTopologyReader=0
InfrastructureWifiMac=0
Integer=0
InterferenceHelper=0
InternetStackHelper=0
InternetTraceHelper=0
IpL4Protocol=0
IpcsClassifier=0
IpcsClassifierRecord=0
Ipv4=0
Ipv4Address=0
Ipv4AddressGenerator=0
Ipv4AddressHelper=0
Ipv4EndPoint=0
Ipv4EndPointDemux=0
Ipv4FlowProbe=0
Ipv4GlobalRouting=0
Ipv4Header=0
Ipv4Interface=0
Ipv4InterfaceAddress=0
Ipv4L3Protocol=0
Ipv4ListRouting=0
Ipv4NixVectorRouting=0
Ipv4PacketFilter=0
Ipv4PacketInfoTag=0
Ipv4PacketProbe=0
Ipv4QueueDiscItem=0
Ipv4RawSocketFactory=0
Ipv4RawSocketFactoryImpl=0
Ipv4RawSocketImpl=0
Ipv4Route=0
Ipv4RoutingProtocol=0
Ipv4RoutingTableEntry=0
Ipv4StaticRouting=0
Ipv4StaticRoutingHelper=0
Ipv6Address=0
Ipv6AddressGenerator=0
Ipv6AddressHelper=0
Ipv6AutoconfiguredPrefix=0
Ipv6EndPoint=0
Ipv6EndPointDemux=0
Ipv6Extension=0
Ipv6ExtensionHeader=0
Ipv6FlowProbe=0
Ipv6Header=0
Ipv6Interface=0
Ipv6InterfaceAddress=0
Ipv6L3Protocol=0
Ipv6ListRouting=0
Ipv6Option=0
Ipv6OptionHeader=0
Ipv6PacketFilter=0
Ipv6PacketProbe=0
Ipv6PmtuCache=0
Ipv6QueueDiscItem=0
Ipv6RawSocketImpl=0
Ipv6StaticRouting=0
Ipv6StaticRoutingHelper=0
IsotropicAntennaModel=0
ItuR1238PropagationLossModel=0
ItuR1411LosPropagationLossModel=0
ItuR1411NlosOverRooftopPropagationLossModel=0
Jakes=0
JakesProcess=0
Kun2600MhzPropagationLossModel=0
LiIonEnergySource=0
ListScheduler=0
LlcSnalHeader=0
LoopbackNetDevice=0
LrWpanCsmaCa=0
LrWpanErrorModel=0
LrWpanHelper=0
LrWpanInterferenceHelper=0
LrWpanMac=0
LrWpanNetDevice=0
LrWpanPhy=0
LrWpanSpectrumSignalParameters=0
LrWpanSpectrumValueHelper=0
LteAmc=0
LteAnr=0
LteChunkProcessor=0
LteCommon=0
LteControlMessage=0
LteEnbComponentCarrierManager=0
LteEnbMac=0
LteEnbNetDevice=0
LteEnbPhy=0
LteEnbRrc=0
LteFfrAlgorithm=0
LteFfrDistributedAlgorithm=0
LteFfrEnhancedAlgorithm=0
LteFfrSoftAlgorithm=0
LteFrHardAlgorithm=0
LteFrNoOpAlgorithm=0
LteFrSoftAlgorithm=0
LteFrStrictAlgorithm=0
LteGlobalPathlossDatabase=0
LteHandoverAlgorithm=0
LteHarqPhy=0
LteHelper=0
LteHexGridEnbTopologyHelper=0
LteInterference=0
LteMiErrorModel=0
LteNetDevice=0
LtePdcp=0
LtePdcpHeader=0
LtePhy=0
LteRlc=0
LteRlcAm=0
LteRlcAmHeader=0
LteRlcHeader=0
LteRlcTm=0
LteRlcUm=0
LteRrcProtocolIdeal=0
LteRrcProtocolReal=0
LteSpectrumPhy=0
LteSpectrumSignalParameters=0
LteSpectrumValueHelper=0
LteStatsCalculator=0
LteUeComponentCarrierManager=0
LteUeMac=0
LteUeNetDevice=0
LteUePhy=0
LteUePowerControl=0
LteUeRrc=0
LteVendorSpecificParameters=0
MACMESSAGES=0
Mac16Address=0
Mac48Address=0
Mac64Address=0
MacLow=0
MacRxMiddle=0
MacStatsCalculator=0
MacTxMiddle=0
MakeEvent=0
MapScheduler=0
MeshL2RoutingProtocol=0
MeshPointDevice=0
MeshWifiInterfaceMac=0
MicrowaveOvenSpectrumValue=0
MinstrelHtWifiManager=0
MinstrelWifiManager=0
MobilityBuildingInfo=0
MobilityHelper=0
MpduAggregator=0
MpiInterface=0
MqQueueDisc=0
MsduAggregator=0
MultiModelSpectrumChannel=0
Names=0
NdiscCache=0
NetDevice=0
NetDeviceQueueInterface=0
NistErrorRateModel=0
NixVector=0
NoOpComponentCarrierManager=0
NoOpHandoverAlgorithm=0
Node=0
NodeList=0
NodePrinter=0
NonCommunicatingNetDevice=0
Ns2MobilityHelper=0
NullMessageMpiInterface=0
NullMessageSimulatorImpl=0
Object=0
ObjectBase=0
ObjectFactory=0
ObjectPtrContainer=0
OcbWifiMac=0
OhBuildingsPropagationLossModel=0
OkumuraHataPropagationLossModel=0
OlsrHeader=0
OlsrRoutingProtocol=0
OmnetDataOutput=0
OnOffApplication=0
OnoeWifiManager=0
OpenGym=0
OpenGymDataContainer=0
OpenGymEnv=0
OpenGymInterface=0
OpenGymSpace=0
OrbisTopologyReader=0
OutputStreamWrapper=0
Packet=0
PacketBB=0
PacketBurst=0
PacketDataCalculators=0
PacketFilter=0
PacketLossCounter=0
PacketMetadata=0
PacketProbe=0
PacketSink=0
PacketSocket=0
PacketSocketAddress=0
PacketSocketClient=0
PacketSocketFactory=0
PacketSocketServer=0
PacketTagList=0
ParabolicAntennaModel=0
ParfWifiManager=0
PcapFile=0
PcapFileWrapper=0
PeerManagementProtocol=0
PeerManagementProtocolMac=0
PendingData=0
PfFfMacScheduler=0
PfifoFastQueueDisc=0
PhyRxStatsCalculator=0
PhyStatsCalculator=0
PhyTxStatsCalculator=0
PieQueueDisc=0
Ping6Application=0
PointToPointChannel=0
PointToPointDumbbellHelper=0
PointToPointEpcHelper=0
PointToPointGridHelper=0
PointToPointHelper=0
PointToPointNetDevice=0
PointToPointRemoteChannel=0
PointToPointStarHelper=0
Pointer=0
PositionAllocator=0
PppHeader=0
PrioQueueDisc=0
Probe=0
PropagationLossModel=0
PssFfMacScheduler=0
QosTxop=0
Queue=0
QueueDisc=0
QueueItem=0
QueueLimits=0
QueueSize=0
RadioBearerStatsCalculator=0
RadioBearerStatsConnector=0
RadioEnvironmentMapHelper=0
RadiotapHeader=0
RadvdApplication=0
RadvdHelper=0
RadvdInterface=0
RadvdPrefix=0
RandomDirection2dMobilityModel=0
RandomVariableStream=0
RandomVariableStreamHelper=0
RandomWalk2d=0
RawTextConfig=0
RealtimeSimulatorImpl=0
RedQueueDisc=0
RefCountBase=0
RegularWifiMac=0
RemSpectrumPhy=0
Rip=0
RipHeader=0
RipNg=0
RipNgHeader=0
RngSeedManager=0
RngStream=0
RocketfuelTopologyReader=0
RrFfMacScheduler=0
RraaWifiManager=0
RrcHeader=0
RrpaaWifiManager=0
RttEstimator=0
RvBatteryModel=0
SNRToBlockErrorRateManager=0
SSLinkManager=0
SSManager=0
SSScheduler=0
Scheduler=0
SeqTsHeader=0
ServiceFlowManager=0
ShannonSpectrumErrorModel=0
ShowProgress=0
SimpleChannel=0
SimpleDeviceEnergyModel=0
SimpleFrameCaptureModel=0
SimpleNetDevice=0
SimpleNetDeviceHelper=0
SimpleOfdmWimaxPhy=0
SimpleUeComponentCarrierManager=0
Simulator=0
SimulatorImpl=0
SingleModelSpectrumChannel=0
SixLowPanHelper=0
SixLowPanNetDevice=0
SllHeader=0
Socket=0
SocketFactory=0
SpectrumAnalyzer=0
SpectrumAnalyzerHelper=0
SpectrumChannel=0
SpectrumConverter=0
SpectrumInterference=0
SpectrumModel=0
SpectrumPhy=0
SpectrumPropagationLossModel=0
SpectrumSignalParameters=0
SpectrumValue=0
SpectrumWifiHelper=0
SpectrumWifiPhy=0
SqliteDataOutput=0
SsServiceFlowManager=0
StaWifiMac=0
SubscriberStationNetDevice=0
SupportedRates=0
Synchronizer=0
SystemCondition=0
SystemMutex=0
SystemPath=0
SystemThread=0
SystemWallClockMs=0
TagBuffer=0
TapBridge=0
TapBridgeHelper=0
TapFdNetDeviceHelper=0
TbfQueueDisc=0
TcpBic=0
TcpCongestionOps=0
TcpHeader=0
TcpHighSpeed=0
TcpHtcp=0
TcpHybla=0
TcpIllinois=0
TcpL4Protocol=0
TcpLedbat=0
TcpLp=0
TcpOption=0
TcpOptionRfc793=0
TcpOptionSack=0
TcpOptionSackPermitted=0
TcpOptionTS=0
TcpOptionWinScale=0
TcpPrrRecovery=0
TcpRecoveryOps=0
TcpRxBuffer=0
TcpScalable=0
TcpSocket=0
TcpSocketBase=0
TcpTxBuffer=0
TcpVegas=0
TcpVeno=0
TcpWestwood=0
TcpYeah=0
TdBetFfMacScheduler=0
TdMtFfMacScheduler=0
TdTbfqFfMacScheduler=0
Test=0
ThreeGppHttpClient=0
ThreeGppHttpHeader=0
ThreeGppHttpServer=0
ThreeGppHttpVariables=0
Time=0
TimeDataCalculators=0
TimePrinter=0
TimeProbe=0
TimeSeriesAdaptor=0
Timer=0
Tlv=0
TopologyReader=0
TopologyReaderHelper=0
TraceFadingLossModel=0
TraceHelper=0
TraceSourceAccessor=0
TrafficControlHelper=0
TrafficControlLayer=0
Trailer=0
TtaFfMacScheduler=0
TvSpectrumTransmitter=0
TvSpectrumTransmitterHelper=0
Txop=0
TypeId=0
UanChannel=0
UanHelper=0
UanMacAloha=0
UanMacCw=0
UanMacRc=0
UanMacRcGw=0
UanNetDevice=0
UanPhyDual=0
UanPhyGen=0
UanPropModelThorp=0
UanTransducerHd=0
UanTxMode=0
UdpClient=0
UdpEchoClientApplication=0
UdpEchoServerApplication=0
UdpL4Protocol=0
UdpServer=0
UdpSocket=0
UdpSocketImpl=0
UdpTraceClient=0
Uinteger=0
Uinteger16Probe=0
Uinteger32Probe=0
Uinteger8Probe=0
UplinkScheduler=0
UplinkSchedulerMBQoS=0
UplinkSchedulerRtps=0
UplinkSchedulerSimple=0
V4Ping=0
Vector=0
VendorSpecificAction=0
VirtualNetDevice=0
VsaManager=0
WallClockSynchronizer=0
Watchdog=0
WaveBsmHelper=0
WaveBsmStats=0
WaveHelper=0
WaveMacLow=0
WaveNetDevice=0
WaveformGenerator=0
WaveformGeneratorHelper=0
WaypointMobilityModel=0
WifiHelper=0
WifiMac=0
WifiMacQueue=0
WifiMacQueueItem=0
WifiNetDevice=0
WifiPhy=0
WifiPhyStateHelper=0
WifiRadioEnergyModel=0
WifiRemoteStationManager=0
WifiSpectrumPhyInterface=0
WifiSpectrumSignalParameters=0
WifiSpectrumValueHelper=0
WifiTxCurrentModel=0
WimaxChannel=0
WimaxHelper=0
WimaxMacQueue=0
WimaxNetDevice=0
WimaxPhy=0
XmlConfig=0
YansErrorRateModel=0
YansWifiChannel=0
YansWifiHelper=0
YansWifiPhy=0
int64x64=0
int64x64-128=0
simpleOfdmWimaxChannel=0
msg="Invalid or unregistered component name "<OpenGym> " in env variable NS_LOG, see above for a list of valid components", file=../src/core/model/log.cc, line=622
terminate called without an active exception
Command ['/home/liqi/ns3-gym/ns3-gym-master/build/scratch/opengym/opengym'] terminated with signal SIGIOT. Run it under a debugger to get more information (./waf --run <program> --command-template="gdb --args %s <args>").
